{"/Users/ajaygajula/Documents/JAvascript/Day-4-assignment/carspeed/carspeed.js": {"path":"/Users/ajaygajula/Documents/JAvascript/Day-4-assignment/carspeed/carspeed.js","statementMap":{"0":{"start":{"line":3,"column":24},"end":{"line":5,"column":4}},"1":{"start":{"line":4,"column":4},"end":{"line":4,"column":30}},"2":{"start":{"line":6,"column":2},"end":{"line":6,"column":23}},"3":{"start":{"line":10,"column":4},"end":{"line":10,"column":23}},"4":{"start":{"line":11,"column":4},"end":{"line":11,"column":39}},"5":{"start":{"line":14,"column":4},"end":{"line":14,"column":17}},"6":{"start":{"line":15,"column":4},"end":{"line":15,"column":40}},"7":{"start":{"line":16,"column":4},"end":{"line":16,"column":29}},"8":{"start":{"line":22,"column":4},"end":{"line":22,"column":17}},"9":{"start":{"line":23,"column":4},"end":{"line":23,"column":40}},"10":{"start":{"line":24,"column":4},"end":{"line":24,"column":29}},"11":{"start":{"line":28,"column":21},"end":{"line":30,"column":6}},"12":{"start":{"line":29,"column":6},"end":{"line":29,"column":26}},"13":{"start":{"line":31,"column":21},"end":{"line":31,"column":57}},"14":{"start":{"line":32,"column":4},"end":{"line":32,"column":20}},"15":{"start":{"line":35,"column":21},"end":{"line":35,"column":60}},"16":{"start":{"line":36,"column":4},"end":{"line":36,"column":20}},"17":{"start":{"line":40,"column":21},"end":{"line":40,"column":60}},"18":{"start":{"line":41,"column":4},"end":{"line":41,"column":20}},"19":{"start":{"line":46,"column":4},"end":{"line":46,"column":32}},"20":{"start":{"line":54,"column":12},"end":{"line":54,"column":32}},"21":{"start":{"line":55,"column":0},"end":{"line":55,"column":20}},"22":{"start":{"line":56,"column":0},"end":{"line":56,"column":20}},"23":{"start":{"line":57,"column":0},"end":{"line":57,"column":35}},"24":{"start":{"line":58,"column":0},"end":{"line":58,"column":35}},"25":{"start":{"line":59,"column":0},"end":{"line":59,"column":33}},"26":{"start":{"line":60,"column":0},"end":{"line":60,"column":33}},"27":{"start":{"line":62,"column":0},"end":{"line":62,"column":22}},"28":{"start":{"line":63,"column":0},"end":{"line":63,"column":23}},"29":{"start":{"line":64,"column":0},"end":{"line":64,"column":23}},"30":{"start":{"line":66,"column":0},"end":{"line":66,"column":44}},"31":{"start":{"line":66,"column":17},"end":{"line":66,"column":36}},"32":{"start":{"line":67,"column":0},"end":{"line":67,"column":44}},"33":{"start":{"line":67,"column":17},"end":{"line":67,"column":36}}},"fnMap":{"0":{"name":"regulator","decl":{"start":{"line":2,"column":9},"end":{"line":2,"column":18}},"loc":{"start":{"line":2,"column":20},"end":{"line":7,"column":1}},"line":2},"1":{"name":"(anonymous_1)","decl":{"start":{"line":3,"column":47},"end":{"line":3,"column":48}},"loc":{"start":{"line":3,"column":58},"end":{"line":5,"column":3}},"line":3},"2":{"name":"(anonymous_2)","decl":{"start":{"line":9,"column":2},"end":{"line":9,"column":3}},"loc":{"start":{"line":9,"column":36},"end":{"line":12,"column":3}},"line":9},"3":{"name":"(anonymous_3)","decl":{"start":{"line":13,"column":2},"end":{"line":13,"column":3}},"loc":{"start":{"line":13,"column":18},"end":{"line":19,"column":3}},"line":13},"4":{"name":"(anonymous_4)","decl":{"start":{"line":21,"column":2},"end":{"line":21,"column":3}},"loc":{"start":{"line":21,"column":18},"end":{"line":26,"column":3}},"line":21},"5":{"name":"(anonymous_5)","decl":{"start":{"line":27,"column":2},"end":{"line":27,"column":3}},"loc":{"start":{"line":27,"column":17},"end":{"line":33,"column":3}},"line":27},"6":{"name":"(anonymous_6)","decl":{"start":{"line":28,"column":47},"end":{"line":28,"column":48}},"loc":{"start":{"line":28,"column":64},"end":{"line":30,"column":5}},"line":28},"7":{"name":"(anonymous_7)","decl":{"start":{"line":34,"column":2},"end":{"line":34,"column":3}},"loc":{"start":{"line":34,"column":20},"end":{"line":37,"column":3}},"line":34},"8":{"name":"(anonymous_8)","decl":{"start":{"line":39,"column":2},"end":{"line":39,"column":3}},"loc":{"start":{"line":39,"column":20},"end":{"line":43,"column":3}},"line":39},"9":{"name":"(anonymous_9)","decl":{"start":{"line":45,"column":2},"end":{"line":45,"column":3}},"loc":{"start":{"line":45,"column":21},"end":{"line":47,"column":3}},"line":45},"10":{"name":"(anonymous_10)","decl":{"start":{"line":66,"column":11},"end":{"line":66,"column":12}},"loc":{"start":{"line":66,"column":17},"end":{"line":66,"column":36}},"line":66},"11":{"name":"(anonymous_11)","decl":{"start":{"line":67,"column":11},"end":{"line":67,"column":12}},"loc":{"start":{"line":67,"column":17},"end":{"line":67,"column":36}},"line":67}},"branchMap":{},"s":{"0":1,"1":7,"2":1,"3":2,"4":2,"5":3,"6":3,"7":3,"8":3,"9":3,"10":3,"11":0,"12":0,"13":0,"14":0,"15":2,"16":2,"17":3,"18":3,"19":1,"20":1,"21":1,"22":1,"23":1,"24":1,"25":1,"26":1,"27":1,"28":1,"29":1,"30":1,"31":0,"32":1,"33":0},"f":{"0":1,"1":7,"2":2,"3":3,"4":3,"5":0,"6":0,"7":2,"8":3,"9":1,"10":0,"11":0},"b":{},"_coverageSchema":"1a1c01bbd47fc00a2c39e90264f33305004495a9","hash":"8cc02fc5fb0ce89cbbefac381dfe0ec190148be4"}
}
