TN:
SF:carspeed.js
FN:2,regulator
FN:3,(anonymous_1)
FN:9,(anonymous_2)
FN:13,(anonymous_3)
FN:21,(anonymous_4)
FN:27,(anonymous_5)
FN:28,(anonymous_6)
FN:34,(anonymous_7)
FN:39,(anonymous_8)
FN:45,(anonymous_9)
FN:66,(anonymous_10)
FN:67,(anonymous_11)
FNF:12
FNH:8
FNDA:1,regulator
FNDA:7,(anonymous_1)
FNDA:2,(anonymous_2)
FNDA:3,(anonymous_3)
FNDA:3,(anonymous_4)
FNDA:0,(anonymous_5)
FNDA:0,(anonymous_6)
FNDA:2,(anonymous_7)
FNDA:3,(anonymous_8)
FNDA:1,(anonymous_9)
FNDA:0,(anonymous_10)
FNDA:0,(anonymous_11)
DA:3,1
DA:4,7
DA:6,1
DA:10,2
DA:11,2
DA:14,3
DA:15,3
DA:16,3
DA:22,3
DA:23,3
DA:24,3
DA:28,0
DA:29,0
DA:31,0
DA:32,0
DA:35,2
DA:36,2
DA:40,3
DA:41,3
DA:46,1
DA:54,1
DA:55,1
DA:56,1
DA:57,1
DA:58,1
DA:59,1
DA:60,1
DA:62,1
DA:63,1
DA:64,1
DA:66,1
DA:67,1
LF:32
LH:28
BRF:0
BRH:0
end_of_record
